Created by PLY version 3.4 (http://www.dabeaz.com/ply)

Grammar

Rule 0     S' -> command
Rule 1     command -> define_cmd
Rule 2     command -> set_cmd
Rule 3     command -> create_cmd
Rule 4     command -> insert_cmd
Rule 5     command -> delete_cmd
Rule 6     command -> update_cmd
Rule 7     command -> select_cmd
Rule 8     command -> exit_cmd
Rule 9     exit_cmd -> EXIT
Rule 10    define_cmd -> DEFINE RELATION WORD
Rule 11    set_cmd -> SET ATTRIBUTE CHARACTER NUMBER WORD
Rule 12    set_cmd -> SET ATTRIBUTE INTEGER WORD RANGE NUMBER NUMBER
Rule 13    set_cmd -> SET ATTRIBUTE INTEGER WORD
Rule 14    set_cmd -> SET PRIMARY KEY WORD
Rule 15    create_cmd -> CREATE TABLE WORD WORD
Rule 16    insert_cmd -> INSERT WORD attribute_expr
Rule 17    attribute_expr -> WORD attribute_expr
Rule 18    attribute_expr -> NUMBER attribute_expr
Rule 19    attribute_expr -> WORD
Rule 20    attribute_expr -> NUMBER
Rule 21    delete_cmd -> DELETE WORD NUMBER
Rule 22    update_cmd -> UPDATE WORD NUMBER attribute_expr
Rule 23    select_cmd -> SELECT WORD FROM WORD WHERE expr
Rule 24    expr -> WORD EQUAL NUMBER
Rule 25    expr -> WORD GREATER NUMBER
Rule 26    expr -> WORD LESS NUMBER

Terminals, with rules where they appear

ATTRIBUTE            : 11 12 13
CHARACTER            : 11
CREATE               : 15
DEFINE               : 10
DELETE               : 21
EQUAL                : 24
EXIT                 : 9
FROM                 : 23
GREATER              : 25
INSERT               : 16
INTEGER              : 12 13
KEY                  : 14
LESS                 : 26
NUMBER               : 11 12 12 18 20 21 22 24 25 26
PRIMARY              : 14
RANGE                : 12
RELATION             : 10
SELECT               : 23
SET                  : 11 12 13 14
TABLE                : 15
UPDATE               : 22
WHERE                : 23
WORD                 : 10 11 12 13 14 15 15 16 17 19 21 22 23 23 24 25 26
error                : 

Nonterminals, with rules where they appear

attribute_expr       : 16 17 18 22
command              : 0
create_cmd           : 3
define_cmd           : 1
delete_cmd           : 5
exit_cmd             : 8
expr                 : 23
insert_cmd           : 4
select_cmd           : 7
set_cmd              : 2
update_cmd           : 6

Parsing method: LALR

state 0

    (0) S' -> . command
    (1) command -> . define_cmd
    (2) command -> . set_cmd
    (3) command -> . create_cmd
    (4) command -> . insert_cmd
    (5) command -> . delete_cmd
    (6) command -> . update_cmd
    (7) command -> . select_cmd
    (8) command -> . exit_cmd
    (10) define_cmd -> . DEFINE RELATION WORD
    (11) set_cmd -> . SET ATTRIBUTE CHARACTER NUMBER WORD
    (12) set_cmd -> . SET ATTRIBUTE INTEGER WORD RANGE NUMBER NUMBER
    (13) set_cmd -> . SET ATTRIBUTE INTEGER WORD
    (14) set_cmd -> . SET PRIMARY KEY WORD
    (15) create_cmd -> . CREATE TABLE WORD WORD
    (16) insert_cmd -> . INSERT WORD attribute_expr
    (21) delete_cmd -> . DELETE WORD NUMBER
    (22) update_cmd -> . UPDATE WORD NUMBER attribute_expr
    (23) select_cmd -> . SELECT WORD FROM WORD WHERE expr
    (9) exit_cmd -> . EXIT

    DEFINE          shift and go to state 8
    SET             shift and go to state 15
    CREATE          shift and go to state 11
    INSERT          shift and go to state 10
    DELETE          shift and go to state 7
    UPDATE          shift and go to state 2
    SELECT          shift and go to state 13
    EXIT            shift and go to state 5

    command                        shift and go to state 9
    set_cmd                        shift and go to state 6
    define_cmd                     shift and go to state 1
    delete_cmd                     shift and go to state 12
    update_cmd                     shift and go to state 14
    create_cmd                     shift and go to state 3
    select_cmd                     shift and go to state 4
    insert_cmd                     shift and go to state 17
    exit_cmd                       shift and go to state 16

state 1

    (1) command -> define_cmd .

    $end            reduce using rule 1 (command -> define_cmd .)


state 2

    (22) update_cmd -> UPDATE . WORD NUMBER attribute_expr

    WORD            shift and go to state 18


state 3

    (3) command -> create_cmd .

    $end            reduce using rule 3 (command -> create_cmd .)


state 4

    (7) command -> select_cmd .

    $end            reduce using rule 7 (command -> select_cmd .)


state 5

    (9) exit_cmd -> EXIT .

    $end            reduce using rule 9 (exit_cmd -> EXIT .)


state 6

    (2) command -> set_cmd .

    $end            reduce using rule 2 (command -> set_cmd .)


state 7

    (21) delete_cmd -> DELETE . WORD NUMBER

    WORD            shift and go to state 19


state 8

    (10) define_cmd -> DEFINE . RELATION WORD

    RELATION        shift and go to state 20


state 9

    (0) S' -> command .



state 10

    (16) insert_cmd -> INSERT . WORD attribute_expr

    WORD            shift and go to state 21


state 11

    (15) create_cmd -> CREATE . TABLE WORD WORD

    TABLE           shift and go to state 22


state 12

    (5) command -> delete_cmd .

    $end            reduce using rule 5 (command -> delete_cmd .)


state 13

    (23) select_cmd -> SELECT . WORD FROM WORD WHERE expr

    WORD            shift and go to state 23


state 14

    (6) command -> update_cmd .

    $end            reduce using rule 6 (command -> update_cmd .)


state 15

    (11) set_cmd -> SET . ATTRIBUTE CHARACTER NUMBER WORD
    (12) set_cmd -> SET . ATTRIBUTE INTEGER WORD RANGE NUMBER NUMBER
    (13) set_cmd -> SET . ATTRIBUTE INTEGER WORD
    (14) set_cmd -> SET . PRIMARY KEY WORD

    ATTRIBUTE       shift and go to state 24
    PRIMARY         shift and go to state 25


state 16

    (8) command -> exit_cmd .

    $end            reduce using rule 8 (command -> exit_cmd .)


state 17

    (4) command -> insert_cmd .

    $end            reduce using rule 4 (command -> insert_cmd .)


state 18

    (22) update_cmd -> UPDATE WORD . NUMBER attribute_expr

    NUMBER          shift and go to state 26


state 19

    (21) delete_cmd -> DELETE WORD . NUMBER

    NUMBER          shift and go to state 27


state 20

    (10) define_cmd -> DEFINE RELATION . WORD

    WORD            shift and go to state 28


state 21

    (16) insert_cmd -> INSERT WORD . attribute_expr
    (17) attribute_expr -> . WORD attribute_expr
    (18) attribute_expr -> . NUMBER attribute_expr
    (19) attribute_expr -> . WORD
    (20) attribute_expr -> . NUMBER

    WORD            shift and go to state 29
    NUMBER          shift and go to state 31

    attribute_expr                 shift and go to state 30

state 22

    (15) create_cmd -> CREATE TABLE . WORD WORD

    WORD            shift and go to state 32


state 23

    (23) select_cmd -> SELECT WORD . FROM WORD WHERE expr

    FROM            shift and go to state 33


state 24

    (11) set_cmd -> SET ATTRIBUTE . CHARACTER NUMBER WORD
    (12) set_cmd -> SET ATTRIBUTE . INTEGER WORD RANGE NUMBER NUMBER
    (13) set_cmd -> SET ATTRIBUTE . INTEGER WORD

    CHARACTER       shift and go to state 35
    INTEGER         shift and go to state 34


state 25

    (14) set_cmd -> SET PRIMARY . KEY WORD

    KEY             shift and go to state 36


state 26

    (22) update_cmd -> UPDATE WORD NUMBER . attribute_expr
    (17) attribute_expr -> . WORD attribute_expr
    (18) attribute_expr -> . NUMBER attribute_expr
    (19) attribute_expr -> . WORD
    (20) attribute_expr -> . NUMBER

    WORD            shift and go to state 29
    NUMBER          shift and go to state 31

    attribute_expr                 shift and go to state 37

state 27

    (21) delete_cmd -> DELETE WORD NUMBER .

    $end            reduce using rule 21 (delete_cmd -> DELETE WORD NUMBER .)


state 28

    (10) define_cmd -> DEFINE RELATION WORD .

    $end            reduce using rule 10 (define_cmd -> DEFINE RELATION WORD .)


state 29

    (17) attribute_expr -> WORD . attribute_expr
    (19) attribute_expr -> WORD .
    (17) attribute_expr -> . WORD attribute_expr
    (18) attribute_expr -> . NUMBER attribute_expr
    (19) attribute_expr -> . WORD
    (20) attribute_expr -> . NUMBER

    $end            reduce using rule 19 (attribute_expr -> WORD .)
    WORD            shift and go to state 29
    NUMBER          shift and go to state 31

    attribute_expr                 shift and go to state 38

state 30

    (16) insert_cmd -> INSERT WORD attribute_expr .

    $end            reduce using rule 16 (insert_cmd -> INSERT WORD attribute_expr .)


state 31

    (18) attribute_expr -> NUMBER . attribute_expr
    (20) attribute_expr -> NUMBER .
    (17) attribute_expr -> . WORD attribute_expr
    (18) attribute_expr -> . NUMBER attribute_expr
    (19) attribute_expr -> . WORD
    (20) attribute_expr -> . NUMBER

    $end            reduce using rule 20 (attribute_expr -> NUMBER .)
    WORD            shift and go to state 29
    NUMBER          shift and go to state 31

    attribute_expr                 shift and go to state 39

state 32

    (15) create_cmd -> CREATE TABLE WORD . WORD

    WORD            shift and go to state 40


state 33

    (23) select_cmd -> SELECT WORD FROM . WORD WHERE expr

    WORD            shift and go to state 41


state 34

    (12) set_cmd -> SET ATTRIBUTE INTEGER . WORD RANGE NUMBER NUMBER
    (13) set_cmd -> SET ATTRIBUTE INTEGER . WORD

    WORD            shift and go to state 42


state 35

    (11) set_cmd -> SET ATTRIBUTE CHARACTER . NUMBER WORD

    NUMBER          shift and go to state 43


state 36

    (14) set_cmd -> SET PRIMARY KEY . WORD

    WORD            shift and go to state 44


state 37

    (22) update_cmd -> UPDATE WORD NUMBER attribute_expr .

    $end            reduce using rule 22 (update_cmd -> UPDATE WORD NUMBER attribute_expr .)


state 38

    (17) attribute_expr -> WORD attribute_expr .

    $end            reduce using rule 17 (attribute_expr -> WORD attribute_expr .)


state 39

    (18) attribute_expr -> NUMBER attribute_expr .

    $end            reduce using rule 18 (attribute_expr -> NUMBER attribute_expr .)


state 40

    (15) create_cmd -> CREATE TABLE WORD WORD .

    $end            reduce using rule 15 (create_cmd -> CREATE TABLE WORD WORD .)


state 41

    (23) select_cmd -> SELECT WORD FROM WORD . WHERE expr

    WHERE           shift and go to state 45


state 42

    (12) set_cmd -> SET ATTRIBUTE INTEGER WORD . RANGE NUMBER NUMBER
    (13) set_cmd -> SET ATTRIBUTE INTEGER WORD .

    RANGE           shift and go to state 46
    $end            reduce using rule 13 (set_cmd -> SET ATTRIBUTE INTEGER WORD .)


state 43

    (11) set_cmd -> SET ATTRIBUTE CHARACTER NUMBER . WORD

    WORD            shift and go to state 47


state 44

    (14) set_cmd -> SET PRIMARY KEY WORD .

    $end            reduce using rule 14 (set_cmd -> SET PRIMARY KEY WORD .)


state 45

    (23) select_cmd -> SELECT WORD FROM WORD WHERE . expr
    (24) expr -> . WORD EQUAL NUMBER
    (25) expr -> . WORD GREATER NUMBER
    (26) expr -> . WORD LESS NUMBER

    WORD            shift and go to state 48

    expr                           shift and go to state 49

state 46

    (12) set_cmd -> SET ATTRIBUTE INTEGER WORD RANGE . NUMBER NUMBER

    NUMBER          shift and go to state 50


state 47

    (11) set_cmd -> SET ATTRIBUTE CHARACTER NUMBER WORD .

    $end            reduce using rule 11 (set_cmd -> SET ATTRIBUTE CHARACTER NUMBER WORD .)


state 48

    (24) expr -> WORD . EQUAL NUMBER
    (25) expr -> WORD . GREATER NUMBER
    (26) expr -> WORD . LESS NUMBER

    EQUAL           shift and go to state 53
    GREATER         shift and go to state 52
    LESS            shift and go to state 51


state 49

    (23) select_cmd -> SELECT WORD FROM WORD WHERE expr .

    $end            reduce using rule 23 (select_cmd -> SELECT WORD FROM WORD WHERE expr .)


state 50

    (12) set_cmd -> SET ATTRIBUTE INTEGER WORD RANGE NUMBER . NUMBER

    NUMBER          shift and go to state 54


state 51

    (26) expr -> WORD LESS . NUMBER

    NUMBER          shift and go to state 55


state 52

    (25) expr -> WORD GREATER . NUMBER

    NUMBER          shift and go to state 56


state 53

    (24) expr -> WORD EQUAL . NUMBER

    NUMBER          shift and go to state 57


state 54

    (12) set_cmd -> SET ATTRIBUTE INTEGER WORD RANGE NUMBER NUMBER .

    $end            reduce using rule 12 (set_cmd -> SET ATTRIBUTE INTEGER WORD RANGE NUMBER NUMBER .)


state 55

    (26) expr -> WORD LESS NUMBER .

    $end            reduce using rule 26 (expr -> WORD LESS NUMBER .)


state 56

    (25) expr -> WORD GREATER NUMBER .

    $end            reduce using rule 25 (expr -> WORD GREATER NUMBER .)


state 57

    (24) expr -> WORD EQUAL NUMBER .

    $end            reduce using rule 24 (expr -> WORD EQUAL NUMBER .)

